<?xml version="1.0" encoding="UTF-8"?>
<!-- Generated by org.testng.reporters.JUnitXMLReporter -->
<testsuite hostname="User-PC" name="ReGressionTest" tests="4" failures="1" timestamp="8 Aug 2017 15:47:13 GMT" time="141.635" errors="0">
  <testcase name="testLogin" time="19.023" classname="com.testRunner.VerifyLoginPage"/>
  <testcase name="testLogin" time="17.259" classname="com.testRunner.VerifyLoginPageWithReport"/>
  <testcase name="testHomePage" time="0.001" classname="com.testRunner.VarifyHomePage">
    <failure type="java.lang.NullPointerException">
      <![CDATA[java.lang.NullPointerException
	at com.pages.HomePage.getApplicationTitle(HomePage.java:37)
	at com.testRunner.VarifyHomePage.testHomePage(VarifyHomePage.java:30)
... Removed 27 stack frames]]>
    </failure>
  </testcase> <!-- testHomePage -->
  <testcase name="testLogin" time="21.237" classname="com.testRunner.VerifyLoginPageWithReportAndScreenShort"/>
</testsuite> <!-- ReGressionTest -->
