<?xml version="1.0" encoding="UTF-8"?>
<!-- Generated by org.testng.reporters.JUnitXMLReporter -->
<testsuite hostname="User-PC" name="Login Validation" tests="1" failures="1" timestamp="7 Aug 2017 14:58:47 GMT" time="31.258" errors="0">
  <testcase name="testHomePage" time="0.142" classname="com.testRunner.VarifyHomePage">
    <failure type="java.lang.NullPointerException">
      <![CDATA[java.lang.NullPointerException
	at com.pages.HomePage.getApplicationTitle(HomePage.java:33)
	at com.testRunner.VarifyHomePage.testHomePage(VarifyHomePage.java:30)
... Removed 24 stack frames]]>
    </failure>
  </testcase> <!-- testHomePage -->
</testsuite> <!-- Login Validation -->
