<?xml version="1.0" encoding="UTF-8"?>
<testng-results skipped="0" failed="1" total="4" passed="3">
  <reporter-output>
  </reporter-output>
  <suite name="RegressionSuit" duration-ms="141635" started-at="2017-08-08T15:44:51Z" finished-at="2017-08-08T15:47:13Z">
    <groups>
    </groups>
    <test name="ReGressionTest" duration-ms="141635" started-at="2017-08-08T15:44:51Z" finished-at="2017-08-08T15:47:13Z">
      <class name="com.testRunner.VarifyHomePage">
        <test-method status="PASS" signature="setUp()[pri:0, instance:com.testRunner.VarifyHomePage@27f674d]" name="setUp" is-config="true" duration-ms="18720" started-at="2017-08-08T11:46:13Z" finished-at="2017-08-08T11:46:32Z">
          <reporter-output>
          </reporter-output>
        </test-method> <!-- setUp -->
        <test-method status="FAIL" signature="testHomePage()[pri:0, instance:com.testRunner.VarifyHomePage@27f674d]" name="testHomePage" duration-ms="1" started-at="2017-08-08T11:46:32Z" finished-at="2017-08-08T11:46:32Z">
          <exception class="java.lang.NullPointerException">
            <full-stacktrace>
              <![CDATA[java.lang.NullPointerException
	at com.pages.HomePage.getApplicationTitle(HomePage.java:37)
	at com.testRunner.VarifyHomePage.testHomePage(VarifyHomePage.java:30)
	at sun.reflect.NativeMethodAccessorImpl.invoke0(Native Method)
	at sun.reflect.NativeMethodAccessorImpl.invoke(NativeMethodAccessorImpl.java:62)
	at sun.reflect.DelegatingMethodAccessorImpl.invoke(DelegatingMethodAccessorImpl.java:43)
	at java.lang.reflect.Method.invoke(Method.java:498)
	at org.testng.internal.MethodInvocationHelper.invokeMethod(MethodInvocationHelper.java:86)
	at org.testng.internal.Invoker.invokeMethod(Invoker.java:643)
	at org.testng.internal.Invoker.invokeTestMethod(Invoker.java:820)
	at org.testng.internal.Invoker.invokeTestMethods(Invoker.java:1128)
	at org.testng.internal.TestMethodWorker.invokeTestMethods(TestMethodWorker.java:129)
	at org.testng.internal.TestMethodWorker.run(TestMethodWorker.java:112)
	at org.testng.TestRunner.privateRun(TestRunner.java:782)
	at org.testng.TestRunner.run(TestRunner.java:632)
	at org.testng.SuiteRunner.runTest(SuiteRunner.java:366)
	at org.testng.SuiteRunner.runSequentially(SuiteRunner.java:361)
	at org.testng.SuiteRunner.privateRun(SuiteRunner.java:319)
	at org.testng.SuiteRunner.run(SuiteRunner.java:268)
	at org.testng.SuiteRunnerWorker.runSuite(SuiteRunnerWorker.java:52)
	at org.testng.SuiteRunnerWorker.run(SuiteRunnerWorker.java:86)
	at org.testng.TestNG.runSuitesSequentially(TestNG.java:1244)
	at org.testng.TestNG.runSuitesLocally(TestNG.java:1169)
	at org.testng.TestNG.run(TestNG.java:1064)
	at org.apache.maven.surefire.testng.TestNGExecutor.run(TestNGExecutor.java:293)
	at org.apache.maven.surefire.testng.TestNGXmlTestSuite.execute(TestNGXmlTestSuite.java:84)
	at org.apache.maven.surefire.testng.TestNGProvider.invoke(TestNGProvider.java:91)
	at org.apache.maven.surefire.booter.ForkedBooter.invokeProviderInSameClassLoader(ForkedBooter.java:200)
	at org.apache.maven.surefire.booter.ForkedBooter.runSuitesInProcess(ForkedBooter.java:153)
	at org.apache.maven.surefire.booter.ForkedBooter.main(ForkedBooter.java:103)
]]>
            </full-stacktrace>
          </exception> <!-- java.lang.NullPointerException -->
          <reporter-output>
          </reporter-output>
        </test-method> <!-- testHomePage -->
        <test-method status="PASS" signature="aftermethod()[pri:0, instance:com.testRunner.VarifyHomePage@27f674d]" name="aftermethod" is-config="true" duration-ms="1515" started-at="2017-08-08T11:46:32Z" finished-at="2017-08-08T11:46:33Z">
          <reporter-output>
          </reporter-output>
        </test-method> <!-- aftermethod -->
      </class> <!-- com.testRunner.VarifyHomePage -->
      <class name="com.testRunner.VerifyLoginPageWithReportAndScreenShort">
        <test-method status="PASS" signature="setUp()[pri:0, instance:com.testRunner.VerifyLoginPageWithReportAndScreenShort@1d251891]" name="setUp" is-config="true" duration-ms="17467" started-at="2017-08-08T11:46:33Z" finished-at="2017-08-08T11:46:51Z">
          <reporter-output>
          </reporter-output>
        </test-method> <!-- setUp -->
        <test-method status="PASS" signature="testLogin()[pri:0, instance:com.testRunner.VerifyLoginPageWithReportAndScreenShort@1d251891]" name="testLogin" duration-ms="21237" started-at="2017-08-08T11:46:51Z" finished-at="2017-08-08T11:47:12Z">
          <reporter-output>
          </reporter-output>
        </test-method> <!-- testLogin -->
        <test-method status="PASS" signature="aftermethod(org.testng.ITestResult)[pri:0, instance:com.testRunner.VerifyLoginPageWithReportAndScreenShort@1d251891]" name="aftermethod" is-config="true" duration-ms="694" started-at="2017-08-08T11:47:12Z" finished-at="2017-08-08T11:47:13Z">
          <params>
            <param index="0">
              <value>
                <![CDATA[[TestResult name=testLogin status=SUCCESS method=VerifyLoginPageWithReportAndScreenShort.testLogin()[pri:0, instance:com.testRunner.VerifyLoginPageWithReportAndScreenShort@1d251891] output={null}]]]>
              </value>
            </param>
          </params>
          <reporter-output>
          </reporter-output>
        </test-method> <!-- aftermethod -->
      </class> <!-- com.testRunner.VerifyLoginPageWithReportAndScreenShort -->
      <class name="com.testRunner.VerifyLoginPageWithReport">
        <test-method status="PASS" signature="setUp()[pri:0, instance:com.testRunner.VerifyLoginPageWithReport@4c203ea1]" name="setUp" is-config="true" duration-ms="17865" started-at="2017-08-08T11:45:37Z" finished-at="2017-08-08T11:45:55Z">
          <reporter-output>
          </reporter-output>
        </test-method> <!-- setUp -->
        <test-method status="PASS" signature="testLogin()[pri:0, instance:com.testRunner.VerifyLoginPageWithReport@4c203ea1]" name="testLogin" duration-ms="17259" started-at="2017-08-08T11:45:55Z" finished-at="2017-08-08T11:46:12Z">
          <reporter-output>
          </reporter-output>
        </test-method> <!-- testLogin -->
        <test-method status="PASS" signature="aftermethod()[pri:0, instance:com.testRunner.VerifyLoginPageWithReport@4c203ea1]" name="aftermethod" is-config="true" duration-ms="1363" started-at="2017-08-08T11:46:12Z" finished-at="2017-08-08T11:46:13Z">
          <reporter-output>
          </reporter-output>
        </test-method> <!-- aftermethod -->
      </class> <!-- com.testRunner.VerifyLoginPageWithReport -->
      <class name="com.testRunner.VerifyLoginPage">
        <test-method status="PASS" signature="setUp()[pri:0, instance:com.testRunner.VerifyLoginPage@7c75222b]" name="setUp" is-config="true" duration-ms="24071" started-at="2017-08-08T11:44:51Z" finished-at="2017-08-08T11:45:15Z">
          <reporter-output>
          </reporter-output>
        </test-method> <!-- setUp -->
        <test-method status="PASS" signature="testLogin()[pri:0, instance:com.testRunner.VerifyLoginPage@7c75222b]" name="testLogin" duration-ms="19023" started-at="2017-08-08T11:45:15Z" finished-at="2017-08-08T11:45:34Z">
          <reporter-output>
          </reporter-output>
        </test-method> <!-- testLogin -->
        <test-method status="PASS" signature="aftermethod()[pri:0, instance:com.testRunner.VerifyLoginPage@7c75222b]" name="aftermethod" is-config="true" duration-ms="2360" started-at="2017-08-08T11:45:34Z" finished-at="2017-08-08T11:45:37Z">
          <reporter-output>
          </reporter-output>
        </test-method> <!-- aftermethod -->
      </class> <!-- com.testRunner.VerifyLoginPage -->
    </test> <!-- ReGressionTest -->
  </suite> <!-- RegressionSuit -->
</testng-results>
