<?xml version="1.0" encoding="UTF-8"?>
<!-- Generated by org.testng.reporters.JUnitXMLReporter -->
<testsuite hostname="User-PC" name="Validate Login" tests="2" failures="2" timestamp="7 Aug 2017 15:05:05 GMT" time="51.363" errors="0">
  <testcase name="testLogin" time="0.099" classname="com.testRunner.VerifyLoginPage">
    <failure type="java.lang.NullPointerException">
      <![CDATA[java.lang.NullPointerException
	at org.openqa.selenium.support.pagefactory.DefaultElementLocator.findElement(DefaultElementLocator.java:69)
	at org.openqa.selenium.support.pagefactory.internal.LocatingElementHandler.invoke(LocatingElementHandler.java:38)
	at com.sun.proxy.$Proxy7.click(Unknown Source)
	at com.pages.HomePage.ClickSigninLink(HomePage.java:20)
	at com.testRunner.VerifyLoginPage.testLogin(VerifyLoginPage.java:27)
... Removed 24 stack frames]]>
    </failure>
  </testcase> <!-- testLogin -->
  <testcase name="testHomePage" time="0.004" classname="com.testRunner.VarifyHomePage">
    <failure type="java.lang.NullPointerException">
      <![CDATA[java.lang.NullPointerException
	at com.pages.HomePage.getApplicationTitle(HomePage.java:33)
	at com.testRunner.VarifyHomePage.testHomePage(VarifyHomePage.java:30)
... Removed 24 stack frames]]>
    </failure>
  </testcase> <!-- testHomePage -->
</testsuite> <!-- Validate Login -->
